  pch.cpp
  Лаба 1 Катаева.cpp
c:\users\acer\desktop\катаева №1\лаба 1 катаева\лаба 1 катаева.cpp(88): warning C4018: <: несоответствие типов со знаком и без знака
c:\users\acer\desktop\катаева №1\лаба 1 катаева\лаба 1 катаева.cpp(97): warning C4018: <: несоответствие типов со знаком и без знака
c:\users\acer\desktop\катаева №1\лаба 1 катаева\лаба 1 катаева.cpp(108): warning C4018: <: несоответствие типов со знаком и без знака
c:\users\acer\desktop\катаева №1\лаба 1 катаева\лаба 1 катаева.cpp(109): warning C4018: <: несоответствие типов со знаком и без знака
c:\users\acer\desktop\катаева №1\лаба 1 катаева\лаба 1 катаева.cpp(111): warning C4018: <: несоответствие типов со знаком и без знака
c:\users\acer\desktop\катаева №1\лаба 1 катаева\лаба 1 катаева.cpp(121): warning C4018: <: несоответствие типов со знаком и без знака
c:\users\acer\desktop\катаева №1\лаба 1 катаева\лаба 1 катаева.cpp(136): warning C4018: <: несоответствие типов со знаком и без знака
c:\users\acer\desktop\катаева №1\лаба 1 катаева\лаба 1 катаева.cpp(142): warning C4018: <: несоответствие типов со знаком и без знака
c:\users\acer\desktop\катаева №1\лаба 1 катаева\лаба 1 катаева.cpp(144): warning C4018: <: несоответствие типов со знаком и без знака
c:\users\acer\desktop\катаева №1\лаба 1 катаева\лаба 1 катаева.cpp(156): warning C4018: <: несоответствие типов со знаком и без знака
c:\users\acer\desktop\катаева №1\лаба 1 катаева\лаба 1 катаева.cpp(174): warning C4018: <: несоответствие типов со знаком и без знака
c:\users\acer\desktop\катаева №1\лаба 1 катаева\лаба 1 катаева.cpp(180): warning C4018: <: несоответствие типов со знаком и без знака
c:\users\acer\desktop\катаева №1\лаба 1 катаева\лаба 1 катаева.cpp(182): warning C4018: <: несоответствие типов со знаком и без знака
c:\users\acer\desktop\катаева №1\лаба 1 катаева\лаба 1 катаева.cpp(195): warning C4018: <: несоответствие типов со знаком и без знака
c:\users\acer\desktop\катаева №1\лаба 1 катаева\лаба 1 катаева.cpp(207): warning C4018: <: несоответствие типов со знаком и без знака
c:\users\acer\desktop\катаева №1\лаба 1 катаева\лаба 1 катаева.cpp(209): warning C4018: <: несоответствие типов со знаком и без знака
c:\users\acer\desktop\катаева №1\лаба 1 катаева\лаба 1 катаева.cpp(222): warning C4244: аргумент: преобразование "time_t" в "unsigned int", возможна потеря данных
  Лаба 1 Катаева.vcxproj -> C:\Users\acer\Desktop\Катаева №1\Debug\Лаба 1 Катаева.exe
